C:\USERS\ABACAB\DESKTOP\CELLSIM WINDOWS X86\DEBUG\CELLSIM.EXE
C:\USERS\ABACAB\DESKTOP\CELLSIM WINDOWS X86\DEBUG\CELLSIM.PDB
C:\USERS\ABACAB\DESKTOP\CELLSIM WINDOWS X86\SRC\DEBUG\CAEXCEPTION.OBJ
C:\USERS\ABACAB\DESKTOP\CELLSIM WINDOWS X86\SRC\DEBUG\CELL.OBJ
C:\USERS\ABACAB\DESKTOP\CELLSIM WINDOWS X86\SRC\DEBUG\CELLSIM.EXE.EMBED.MANIFEST
C:\USERS\ABACAB\DESKTOP\CELLSIM WINDOWS X86\SRC\DEBUG\CELLSIM.EXE.EMBED.MANIFEST.RES
C:\USERS\ABACAB\DESKTOP\CELLSIM WINDOWS X86\SRC\DEBUG\CELLSIM.EXE.INTERMEDIATE.MANIFEST
C:\USERS\ABACAB\DESKTOP\CELLSIM WINDOWS X86\SRC\DEBUG\CELLSIM.OBJ
C:\Users\ABACAB\Desktop\CellSim Windows x86\src\Debug\CellSim_manifest.rc
C:\Users\ABACAB\Desktop\CellSim Windows x86\src\Debug\cl.command.1.tlog
C:\Users\ABACAB\Desktop\CellSim Windows x86\src\Debug\CL.read.1.tlog
C:\Users\ABACAB\Desktop\CellSim Windows x86\src\Debug\CL.write.1.tlog
C:\USERS\ABACAB\DESKTOP\CELLSIM WINDOWS X86\SRC\DEBUG\COLONY.OBJ
C:\USERS\ABACAB\DESKTOP\CELLSIM WINDOWS X86\SRC\DEBUG\CONTROLLER.OBJ
C:\USERS\ABACAB\DESKTOP\CELLSIM WINDOWS X86\SRC\DEBUG\GENERATOR.OBJ
C:\USERS\ABACAB\DESKTOP\CELLSIM WINDOWS X86\SRC\DEBUG\IO.OBJ
C:\Users\ABACAB\Desktop\CellSim Windows x86\src\Debug\link.command.1.tlog
C:\Users\ABACAB\Desktop\CellSim Windows x86\src\Debug\link.read.1.tlog
C:\Users\ABACAB\Desktop\CellSim Windows x86\src\Debug\link.write.1.tlog
C:\Users\ABACAB\Desktop\CellSim Windows x86\src\Debug\link-cvtres.read.1.tlog
C:\Users\ABACAB\Desktop\CellSim Windows x86\src\Debug\link-cvtres.write.1.tlog
C:\USERS\ABACAB\DESKTOP\CELLSIM WINDOWS X86\SRC\DEBUG\MODEL.OBJ
C:\Users\ABACAB\Desktop\CellSim Windows x86\src\Debug\mt.command.1.tlog
C:\Users\ABACAB\Desktop\CellSim Windows x86\src\Debug\mt.read.1.tlog
C:\Users\ABACAB\Desktop\CellSim Windows x86\src\Debug\mt.write.1.tlog
C:\USERS\ABACAB\DESKTOP\CELLSIM WINDOWS X86\SRC\DEBUG\NUTRIENT.OBJ
C:\Users\ABACAB\Desktop\CellSim Windows x86\src\Debug\rc.command.1.tlog
C:\Users\ABACAB\Desktop\CellSim Windows x86\src\Debug\rc.read.1.tlog
C:\Users\ABACAB\Desktop\CellSim Windows x86\src\Debug\rc.write.1.tlog
C:\USERS\ABACAB\DESKTOP\CELLSIM WINDOWS X86\SRC\DEBUG\STRAIN.OBJ
C:\Users\ABACAB\Desktop\CellSim Windows x86\src\Debug\vc110.idb
C:\USERS\ABACAB\DESKTOP\CELLSIM WINDOWS X86\SRC\DEBUG\VC110.PDB
C:\USERS\ABACAB\DESKTOP\CELLSIM WINDOWS X86\SRC\DEBUG\VIEW.OBJ
