C:\USERS\ABACAB\DESKTOP\CELLSIM WINDOWS X86\RELEASE\CELLSIM.EXE
C:\Users\ABACAB\Desktop\CellSim Windows x86\Release\CellSim.exe.lastcodeanalysissucceeded
C:\USERS\ABACAB\DESKTOP\CELLSIM WINDOWS X86\RELEASE\CELLSIM.PDB
C:\USERS\ABACAB\DESKTOP\CELLSIM WINDOWS X86\SRC\RELEASE\CAEXCEPTION.CPP.NATIVECODEANALYSIS.XML
C:\USERS\ABACAB\DESKTOP\CELLSIM WINDOWS X86\SRC\RELEASE\CAEXCEPTION.OBJ
C:\USERS\ABACAB\DESKTOP\CELLSIM WINDOWS X86\SRC\RELEASE\CELL.CPP.NATIVECODEANALYSIS.XML
C:\USERS\ABACAB\DESKTOP\CELLSIM WINDOWS X86\SRC\RELEASE\CELL.OBJ
C:\USERS\ABACAB\DESKTOP\CELLSIM WINDOWS X86\SRC\RELEASE\CELLSIM.CPP.NATIVECODEANALYSIS.XML
C:\USERS\ABACAB\DESKTOP\CELLSIM WINDOWS X86\SRC\RELEASE\CELLSIM.EXE.EMBED.MANIFEST
C:\USERS\ABACAB\DESKTOP\CELLSIM WINDOWS X86\SRC\RELEASE\CELLSIM.EXE.EMBED.MANIFEST.RES
C:\USERS\ABACAB\DESKTOP\CELLSIM WINDOWS X86\SRC\RELEASE\CELLSIM.EXE.INTERMEDIATE.MANIFEST
C:\USERS\ABACAB\DESKTOP\CELLSIM WINDOWS X86\SRC\RELEASE\CELLSIM.OBJ
C:\Users\ABACAB\Desktop\CellSim Windows x86\src\Release\CellSim_manifest.rc
C:\Users\ABACAB\Desktop\CellSim Windows x86\src\Release\CL.15128.read.1.tlog
C:\Users\ABACAB\Desktop\CellSim Windows x86\src\Release\CL.15128.write.1.tlog
C:\Users\ABACAB\Desktop\CellSim Windows x86\src\Release\CL.15156.read.1.tlog
C:\Users\ABACAB\Desktop\CellSim Windows x86\src\Release\CL.15156.write.1.tlog
C:\Users\ABACAB\Desktop\CellSim Windows x86\src\Release\CL.15232.read.1.tlog
C:\Users\ABACAB\Desktop\CellSim Windows x86\src\Release\CL.15232.write.1.tlog
C:\Users\ABACAB\Desktop\CellSim Windows x86\src\Release\CL.19424.read.1.tlog
C:\Users\ABACAB\Desktop\CellSim Windows x86\src\Release\CL.19424.write.1.tlog
C:\Users\ABACAB\Desktop\CellSim Windows x86\src\Release\CL.2084.read.1.tlog
C:\Users\ABACAB\Desktop\CellSim Windows x86\src\Release\CL.2084.write.1.tlog
C:\Users\ABACAB\Desktop\CellSim Windows x86\src\Release\CL.2196.read.1.tlog
C:\Users\ABACAB\Desktop\CellSim Windows x86\src\Release\CL.2196.write.1.tlog
C:\Users\ABACAB\Desktop\CellSim Windows x86\src\Release\CL.25724.read.1.tlog
C:\Users\ABACAB\Desktop\CellSim Windows x86\src\Release\CL.25724.write.1.tlog
C:\Users\ABACAB\Desktop\CellSim Windows x86\src\Release\CL.25728.read.1.tlog
C:\Users\ABACAB\Desktop\CellSim Windows x86\src\Release\CL.25728.write.1.tlog
C:\Users\ABACAB\Desktop\CellSim Windows x86\src\Release\CL.25752.read.1.tlog
C:\Users\ABACAB\Desktop\CellSim Windows x86\src\Release\CL.25752.write.1.tlog
C:\Users\ABACAB\Desktop\CellSim Windows x86\src\Release\CL.25836.read.1.tlog
C:\Users\ABACAB\Desktop\CellSim Windows x86\src\Release\CL.25836.write.1.tlog
C:\Users\ABACAB\Desktop\CellSim Windows x86\src\Release\CL.4028.read.1.tlog
C:\Users\ABACAB\Desktop\CellSim Windows x86\src\Release\CL.4028.write.1.tlog
C:\Users\ABACAB\Desktop\CellSim Windows x86\src\Release\CL.4504.read.1.tlog
C:\Users\ABACAB\Desktop\CellSim Windows x86\src\Release\CL.4504.write.1.tlog
C:\Users\ABACAB\Desktop\CellSim Windows x86\src\Release\CL.5284.read.1.tlog
C:\Users\ABACAB\Desktop\CellSim Windows x86\src\Release\CL.5284.write.1.tlog
C:\Users\ABACAB\Desktop\CellSim Windows x86\src\Release\CL.5956.read.1.tlog
C:\Users\ABACAB\Desktop\CellSim Windows x86\src\Release\CL.5956.write.1.tlog
C:\Users\ABACAB\Desktop\CellSim Windows x86\src\Release\CL.6032.read.1.tlog
C:\Users\ABACAB\Desktop\CellSim Windows x86\src\Release\CL.6032.write.1.tlog
C:\Users\ABACAB\Desktop\CellSim Windows x86\src\Release\cl.command.1.tlog
C:\Users\ABACAB\Desktop\CellSim Windows x86\src\Release\CL.read.1.tlog
C:\Users\ABACAB\Desktop\CellSim Windows x86\src\Release\CL.write.1.tlog
C:\USERS\ABACAB\DESKTOP\CELLSIM WINDOWS X86\SRC\RELEASE\COLONY.CPP.NATIVECODEANALYSIS.XML
C:\USERS\ABACAB\DESKTOP\CELLSIM WINDOWS X86\SRC\RELEASE\COLONY.OBJ
C:\USERS\ABACAB\DESKTOP\CELLSIM WINDOWS X86\SRC\RELEASE\CONTROLLER.CPP.NATIVECODEANALYSIS.XML
C:\USERS\ABACAB\DESKTOP\CELLSIM WINDOWS X86\SRC\RELEASE\CONTROLLER.OBJ
C:\USERS\ABACAB\DESKTOP\CELLSIM WINDOWS X86\SRC\RELEASE\GENERATOR.CPP.NATIVECODEANALYSIS.XML
C:\USERS\ABACAB\DESKTOP\CELLSIM WINDOWS X86\SRC\RELEASE\GENERATOR.OBJ
C:\USERS\ABACAB\DESKTOP\CELLSIM WINDOWS X86\SRC\RELEASE\IO.CPP.NATIVECODEANALYSIS.XML
C:\USERS\ABACAB\DESKTOP\CELLSIM WINDOWS X86\SRC\RELEASE\IO.OBJ
C:\Users\ABACAB\Desktop\CellSim Windows x86\src\Release\link.22664.read.1.tlog
C:\Users\ABACAB\Desktop\CellSim Windows x86\src\Release\link.22664.write.1.tlog
C:\Users\ABACAB\Desktop\CellSim Windows x86\src\Release\link.22664-cvtres.read.1.tlog
C:\Users\ABACAB\Desktop\CellSim Windows x86\src\Release\link.22664-cvtres.write.1.tlog
C:\Users\ABACAB\Desktop\CellSim Windows x86\src\Release\link.23292.read.1.tlog
C:\Users\ABACAB\Desktop\CellSim Windows x86\src\Release\link.23292.write.1.tlog
C:\Users\ABACAB\Desktop\CellSim Windows x86\src\Release\link.23292-cvtres.read.1.tlog
C:\Users\ABACAB\Desktop\CellSim Windows x86\src\Release\link.23292-cvtres.write.1.tlog
C:\Users\ABACAB\Desktop\CellSim Windows x86\src\Release\link.2416.read.1.tlog
C:\Users\ABACAB\Desktop\CellSim Windows x86\src\Release\link.2416.write.1.tlog
C:\Users\ABACAB\Desktop\CellSim Windows x86\src\Release\link.2416-cvtres.read.1.tlog
C:\Users\ABACAB\Desktop\CellSim Windows x86\src\Release\link.2416-cvtres.write.1.tlog
C:\Users\ABACAB\Desktop\CellSim Windows x86\src\Release\link.3212.read.1.tlog
C:\Users\ABACAB\Desktop\CellSim Windows x86\src\Release\link.3212.write.1.tlog
C:\Users\ABACAB\Desktop\CellSim Windows x86\src\Release\link.3212-cvtres.read.1.tlog
C:\Users\ABACAB\Desktop\CellSim Windows x86\src\Release\link.3212-cvtres.write.1.tlog
C:\Users\ABACAB\Desktop\CellSim Windows x86\src\Release\link.34792.read.1.tlog
C:\Users\ABACAB\Desktop\CellSim Windows x86\src\Release\link.34792.write.1.tlog
C:\Users\ABACAB\Desktop\CellSim Windows x86\src\Release\link.34792-cvtres.read.1.tlog
C:\Users\ABACAB\Desktop\CellSim Windows x86\src\Release\link.34792-cvtres.write.1.tlog
C:\Users\ABACAB\Desktop\CellSim Windows x86\src\Release\link.35168.read.1.tlog
C:\Users\ABACAB\Desktop\CellSim Windows x86\src\Release\link.35168.write.1.tlog
C:\Users\ABACAB\Desktop\CellSim Windows x86\src\Release\link.35168-cvtres.read.1.tlog
C:\Users\ABACAB\Desktop\CellSim Windows x86\src\Release\link.35168-cvtres.write.1.tlog
C:\Users\ABACAB\Desktop\CellSim Windows x86\src\Release\link.5752.read.1.tlog
C:\Users\ABACAB\Desktop\CellSim Windows x86\src\Release\link.5752.write.1.tlog
C:\Users\ABACAB\Desktop\CellSim Windows x86\src\Release\link.5752-cvtres.read.1.tlog
C:\Users\ABACAB\Desktop\CellSim Windows x86\src\Release\link.5752-cvtres.write.1.tlog
C:\Users\ABACAB\Desktop\CellSim Windows x86\src\Release\link.5876.read.1.tlog
C:\Users\ABACAB\Desktop\CellSim Windows x86\src\Release\link.5876.write.1.tlog
C:\Users\ABACAB\Desktop\CellSim Windows x86\src\Release\link.5876-cvtres.read.1.tlog
C:\Users\ABACAB\Desktop\CellSim Windows x86\src\Release\link.5876-cvtres.write.1.tlog
C:\Users\ABACAB\Desktop\CellSim Windows x86\src\Release\link.command.1.tlog
C:\Users\ABACAB\Desktop\CellSim Windows x86\src\Release\link.read.1.tlog
C:\Users\ABACAB\Desktop\CellSim Windows x86\src\Release\link.write.1.tlog
C:\USERS\ABACAB\DESKTOP\CELLSIM WINDOWS X86\SRC\RELEASE\MODEL.CPP.NATIVECODEANALYSIS.XML
C:\USERS\ABACAB\DESKTOP\CELLSIM WINDOWS X86\SRC\RELEASE\MODEL.OBJ
C:\Users\ABACAB\Desktop\CellSim Windows x86\src\Release\mt.command.1.tlog
C:\Users\ABACAB\Desktop\CellSim Windows x86\src\Release\mt.read.1.tlog
C:\Users\ABACAB\Desktop\CellSim Windows x86\src\Release\mt.write.1.tlog
C:\Users\ABACAB\Desktop\CellSim Windows x86\src\Release\NativeCodeAnalysis.read.1.tlog
C:\USERS\ABACAB\DESKTOP\CELLSIM WINDOWS X86\SRC\RELEASE\NUTRIENT.CPP.NATIVECODEANALYSIS.XML
C:\USERS\ABACAB\DESKTOP\CELLSIM WINDOWS X86\SRC\RELEASE\NUTRIENT.OBJ
C:\Users\ABACAB\Desktop\CellSim Windows x86\src\Release\rc.command.1.tlog
C:\Users\ABACAB\Desktop\CellSim Windows x86\src\Release\rc.read.1.tlog
C:\Users\ABACAB\Desktop\CellSim Windows x86\src\Release\rc.write.1.tlog
C:\USERS\ABACAB\DESKTOP\CELLSIM WINDOWS X86\SRC\RELEASE\STRAIN.CPP.NATIVECODEANALYSIS.XML
C:\USERS\ABACAB\DESKTOP\CELLSIM WINDOWS X86\SRC\RELEASE\STRAIN.OBJ
C:\Users\ABACAB\Desktop\CellSim Windows x86\src\Release\vc.nativecodeanalysis.all.xml
C:\USERS\ABACAB\DESKTOP\CELLSIM WINDOWS X86\SRC\RELEASE\VC110.PDB
C:\USERS\ABACAB\DESKTOP\CELLSIM WINDOWS X86\SRC\RELEASE\VIEW.CPP.NATIVECODEANALYSIS.XML
C:\USERS\ABACAB\DESKTOP\CELLSIM WINDOWS X86\SRC\RELEASE\VIEW.OBJ
